0 info it worked if it ends with ok
1 verbose cli [ '/Users/meizu/.nvm/versions/node/v6.14.1/bin/node',
1 verbose cli   '/Users/meizu/.nvm/versions/node/v6.14.1/bin/npm',
1 verbose cli   'install',
1 verbose cli   '--save-dev',
1 verbose cli   'jsdoc' ]
2 info using npm@3.10.10
3 info using node@v6.14.1
4 verbose config Skipping project config: /Users/meizu/.npmrc. (matches userconfig)
5 silly loadCurrentTree Starting
6 silly install loadCurrentTree
7 silly install readLocalPackageData
8 silly fetchPackageMetaData jsdoc
9 silly fetchNamedPackageData jsdoc
10 silly mapToRegistry name jsdoc
11 silly mapToRegistry using default registry
12 silly mapToRegistry registry https://registry.npmjs.org/
13 silly mapToRegistry data Result {
13 silly mapToRegistry   raw: 'jsdoc',
13 silly mapToRegistry   scope: null,
13 silly mapToRegistry   escapedName: 'jsdoc',
13 silly mapToRegistry   name: 'jsdoc',
13 silly mapToRegistry   rawSpec: '',
13 silly mapToRegistry   spec: 'latest',
13 silly mapToRegistry   type: 'tag' }
14 silly mapToRegistry uri https://registry.npmjs.org/jsdoc
15 verbose request uri https://registry.npmjs.org/jsdoc
16 verbose request no auth needed
17 info attempt registry request try #1 at 15:25:11
18 verbose request id 07e1d19c41ca4e66
19 verbose etag W/"931d999eb10ae869bd2d2b7d3a9ea26e"
20 verbose lastModified Fri, 03 Aug 2018 00:35:50 GMT
21 http request GET https://registry.npmjs.org/jsdoc
22 http 304 https://registry.npmjs.org/jsdoc
23 verbose headers { date: 'Wed, 05 Sep 2018 07:25:12 GMT',
23 verbose headers   connection: 'keep-alive',
23 verbose headers   'set-cookie': [ '__cfduid=d046709cc1bbffcfa3433d99255956b6c1536132312; expires=Thu, 05-Sep-19 07:25:12 GMT; path=/; domain=.registry.npmjs.org; HttpOnly' ],
23 verbose headers   'cf-cache-status': 'HIT',
23 verbose headers   'cache-control': 'max-age=300',
23 verbose headers   'cf-ray': '4556f5e66b987898-LAX',
23 verbose headers   etag: '"931d999eb10ae869bd2d2b7d3a9ea26e"',
23 verbose headers   'expect-ct': 'max-age=604800, report-uri="https://report-uri.cloudflare.com/cdn-cgi/beacon/expect-ct"',
23 verbose headers   'last-modified': 'Fri, 03 Aug 2018 00:35:50 GMT',
23 verbose headers   vary: 'accept-encoding, accept',
23 verbose headers   server: 'cloudflare' }
24 silly get cb [ 304,
24 silly get   { date: 'Wed, 05 Sep 2018 07:25:12 GMT',
24 silly get     connection: 'keep-alive',
24 silly get     'set-cookie': [ '__cfduid=d046709cc1bbffcfa3433d99255956b6c1536132312; expires=Thu, 05-Sep-19 07:25:12 GMT; path=/; domain=.registry.npmjs.org; HttpOnly' ],
24 silly get     'cf-cache-status': 'HIT',
24 silly get     'cache-control': 'max-age=300',
24 silly get     'cf-ray': '4556f5e66b987898-LAX',
24 silly get     etag: '"931d999eb10ae869bd2d2b7d3a9ea26e"',
24 silly get     'expect-ct': 'max-age=604800, report-uri="https://report-uri.cloudflare.com/cdn-cgi/beacon/expect-ct"',
24 silly get     'last-modified': 'Fri, 03 Aug 2018 00:35:50 GMT',
24 silly get     vary: 'accept-encoding, accept',
24 silly get     server: 'cloudflare' } ]
25 verbose etag https://registry.npmjs.org/jsdoc from cache
26 verbose get saving jsdoc to /Users/meizu/.npm/registry.npmjs.org/jsdoc/.cache.json
27 verbose correctMkdir /Users/meizu/.npm correctMkdir not in flight; initializing
28 silly install normalizeTree
29 silly loadCurrentTree Finishing
30 silly loadIdealTree Starting
31 silly install loadIdealTree
32 silly cloneCurrentTree Starting
33 silly install cloneCurrentTreeToIdealTree
34 silly cloneCurrentTree Finishing
35 silly loadShrinkwrap Starting
36 silly install loadShrinkwrap
37 silly loadShrinkwrap Finishing
38 silly loadAllDepsIntoIdealTree Starting
39 silly install loadAllDepsIntoIdealTree
40 silly resolveWithNewModule jsdoc@3.5.5 checking installable status
41 silly cache add args [ 'jsdoc', null ]
42 verbose cache add spec jsdoc
43 silly cache add parsed spec Result {
43 silly cache add   raw: 'jsdoc',
43 silly cache add   scope: null,
43 silly cache add   escapedName: 'jsdoc',
43 silly cache add   name: 'jsdoc',
43 silly cache add   rawSpec: '',
43 silly cache add   spec: 'latest',
43 silly cache add   type: 'tag' }
44 silly addNamed jsdoc@latest
45 verbose addNamed "latest" is being treated as a dist-tag for jsdoc
46 info addNameTag [ 'jsdoc', 'latest' ]
47 silly mapToRegistry name jsdoc
48 silly mapToRegistry using default registry
49 silly mapToRegistry registry https://registry.npmjs.org/
50 silly mapToRegistry data Result {
50 silly mapToRegistry   raw: 'jsdoc',
50 silly mapToRegistry   scope: null,
50 silly mapToRegistry   escapedName: 'jsdoc',
50 silly mapToRegistry   name: 'jsdoc',
50 silly mapToRegistry   rawSpec: '',
50 silly mapToRegistry   spec: 'latest',
50 silly mapToRegistry   type: 'tag' }
51 silly mapToRegistry uri https://registry.npmjs.org/jsdoc
52 verbose addNameTag registry:https://registry.npmjs.org/jsdoc not in flight; fetching
53 verbose get https://registry.npmjs.org/jsdoc not expired, no request
54 silly addNameTag next cb for jsdoc with tag latest
55 silly addNamed jsdoc@3.5.5
56 verbose addNamed "3.5.5" is a plain semver version for jsdoc
57 silly cache afterAdd jsdoc@3.5.5
58 verbose afterAdd /Users/meizu/.npm/jsdoc/3.5.5/package/package.json not in flight; writing
59 verbose correctMkdir /Users/meizu/.npm correctMkdir not in flight; initializing
60 verbose afterAdd /Users/meizu/.npm/jsdoc/3.5.5/package/package.json written
61 silly fetchNamedPackageData babylon
62 silly mapToRegistry name babylon
63 silly mapToRegistry using default registry
64 silly mapToRegistry registry https://registry.npmjs.org/
65 silly mapToRegistry data Result {
65 silly mapToRegistry   raw: 'babylon',
65 silly mapToRegistry   scope: null,
65 silly mapToRegistry   escapedName: 'babylon',
65 silly mapToRegistry   name: 'babylon',
65 silly mapToRegistry   rawSpec: '',
65 silly mapToRegistry   spec: 'latest',
65 silly mapToRegistry   type: 'tag' }
66 silly mapToRegistry uri https://registry.npmjs.org/babylon
67 verbose request uri https://registry.npmjs.org/babylon
68 verbose request no auth needed
69 info attempt registry request try #1 at 15:25:12
70 verbose etag "477eb837bccc9ec86e4ce9c21060cbad"
71 verbose lastModified Fri, 31 Aug 2018 01:03:14 GMT
72 http request GET https://registry.npmjs.org/babylon
73 http 304 https://registry.npmjs.org/babylon
74 verbose headers { date: 'Wed, 05 Sep 2018 07:25:12 GMT',
74 verbose headers   connection: 'keep-alive',
74 verbose headers   'set-cookie': [ '__cfduid=d046709cc1bbffcfa3433d99255956b6c1536132312; expires=Thu, 05-Sep-19 07:25:12 GMT; path=/; domain=.registry.npmjs.org; HttpOnly' ],
74 verbose headers   'cf-cache-status': 'HIT',
74 verbose headers   'cache-control': 'max-age=300',
74 verbose headers   'cf-ray': '4556f5e89c707898-LAX',
74 verbose headers   etag: '"477eb837bccc9ec86e4ce9c21060cbad"',
74 verbose headers   'expect-ct': 'max-age=604800, report-uri="https://report-uri.cloudflare.com/cdn-cgi/beacon/expect-ct"',
74 verbose headers   'last-modified': 'Fri, 31 Aug 2018 01:03:14 GMT',
74 verbose headers   vary: 'accept-encoding, accept',
74 verbose headers   'x-amz-meta-rev': '273-dd1e4b1031c74abe71182a000b2f1977',
74 verbose headers   server: 'cloudflare' }
75 silly get cb [ 304,
75 silly get   { date: 'Wed, 05 Sep 2018 07:25:12 GMT',
75 silly get     connection: 'keep-alive',
75 silly get     'set-cookie': [ '__cfduid=d046709cc1bbffcfa3433d99255956b6c1536132312; expires=Thu, 05-Sep-19 07:25:12 GMT; path=/; domain=.registry.npmjs.org; HttpOnly' ],
75 silly get     'cf-cache-status': 'HIT',
75 silly get     'cache-control': 'max-age=300',
75 silly get     'cf-ray': '4556f5e89c707898-LAX',
75 silly get     etag: '"477eb837bccc9ec86e4ce9c21060cbad"',
75 silly get     'expect-ct': 'max-age=604800, report-uri="https://report-uri.cloudflare.com/cdn-cgi/beacon/expect-ct"',
75 silly get     'last-modified': 'Fri, 31 Aug 2018 01:03:14 GMT',
75 silly get     vary: 'accept-encoding, accept',
75 silly get     'x-amz-meta-rev': '273-dd1e4b1031c74abe71182a000b2f1977',
75 silly get     server: 'cloudflare' } ]
76 verbose etag https://registry.npmjs.org/babylon from cache
77 verbose get saving babylon to /Users/meizu/.npm/registry.npmjs.org/babylon/.cache.json
78 verbose correctMkdir /Users/meizu/.npm correctMkdir not in flight; initializing
79 silly resolveWithNewModule babylon@7.0.0-beta.19 checking installable status
80 silly cache add args [ 'babylon@7.0.0-beta.19', null ]
81 verbose cache add spec babylon@7.0.0-beta.19
82 silly cache add parsed spec Result {
82 silly cache add   raw: 'babylon@7.0.0-beta.19',
82 silly cache add   scope: null,
82 silly cache add   escapedName: 'babylon',
82 silly cache add   name: 'babylon',
82 silly cache add   rawSpec: '7.0.0-beta.19',
82 silly cache add   spec: '7.0.0-beta.19',
82 silly cache add   type: 'version' }
83 silly addNamed babylon@7.0.0-beta.19
84 verbose addNamed "7.0.0-beta.19" is a plain semver version for babylon
85 silly mapToRegistry name babylon
86 silly mapToRegistry using default registry
87 silly mapToRegistry registry https://registry.npmjs.org/
88 silly mapToRegistry data Result {
88 silly mapToRegistry   raw: 'babylon',
88 silly mapToRegistry   scope: null,
88 silly mapToRegistry   escapedName: 'babylon',
88 silly mapToRegistry   name: 'babylon',
88 silly mapToRegistry   rawSpec: '',
88 silly mapToRegistry   spec: 'latest',
88 silly mapToRegistry   type: 'tag' }
89 silly mapToRegistry uri https://registry.npmjs.org/babylon
90 verbose addNameVersion registry:https://registry.npmjs.org/babylon not in flight; fetching
91 verbose get https://registry.npmjs.org/babylon not expired, no request
92 silly cache afterAdd babylon@7.0.0-beta.19
93 verbose afterAdd /Users/meizu/.npm/babylon/7.0.0-beta.19/package/package.json not in flight; writing
94 verbose correctMkdir /Users/meizu/.npm correctMkdir not in flight; initializing
95 verbose afterAdd /Users/meizu/.npm/babylon/7.0.0-beta.19/package/package.json written
96 silly loadAllDepsIntoIdealTree Finishing
97 silly loadIdealTree Finishing
98 silly currentTree meizu
98 silly currentTree ├── ansi-align@2.0.0
98 silly currentTree ├── ansi-regex@3.0.0
98 silly currentTree ├── ansi-styles@3.2.1
98 silly currentTree ├── array-find-index@1.0.2
98 silly currentTree ├── arrify@1.0.1
98 silly currentTree ├── bluebird@3.5.2
98 silly currentTree ├── boxen@1.3.0
98 silly currentTree ├── builtin-modules@1.1.1
98 silly currentTree ├── camelcase-keys@4.2.0
98 silly currentTree ├── camelcase@4.1.0
98 silly currentTree ├── capture-stack-trace@1.0.0
98 silly currentTree ├── catharsis@0.8.9
98 silly currentTree ├── chalk@2.4.1
98 silly currentTree ├── ci-info@1.4.0
98 silly currentTree ├── cli-boxes@1.0.0
98 silly currentTree ├── color-convert@1.9.2
98 silly currentTree ├── color-name@1.1.1
98 silly currentTree ├── configstore@3.1.2
98 silly currentTree ├── create-error-class@3.0.2
98 silly currentTree ├── cross-spawn@5.1.0
98 silly currentTree ├── crypto-random-string@1.0.0
98 silly currentTree ├── currently-unhandled@0.4.1
98 silly currentTree ├─┬ decamelize-keys@1.1.0
98 silly currentTree │ └── map-obj@1.0.1
98 silly currentTree ├── decamelize@1.2.0
98 silly currentTree ├── deep-extend@0.6.0
98 silly currentTree ├── dot-prop@4.2.0
98 silly currentTree ├── duplexer3@0.1.4
98 silly currentTree ├── error-ex@1.3.2
98 silly currentTree ├── escape-string-regexp@1.0.5
98 silly currentTree ├── execa@0.7.0
98 silly currentTree ├── figures@2.0.0
98 silly currentTree ├── find-up@2.1.0
98 silly currentTree ├── get-stream@3.0.0
98 silly currentTree ├── global-dirs@0.1.1
98 silly currentTree ├── got@6.7.1
98 silly currentTree ├── graceful-fs@4.1.11
98 silly currentTree ├── has-flag@3.0.0
98 silly currentTree ├── hosted-git-info@2.7.1
98 silly currentTree ├── import-lazy@2.1.0
98 silly currentTree ├── imurmurhash@0.1.4
98 silly currentTree ├── indent-string@3.2.0
98 silly currentTree ├── ini@1.3.5
98 silly currentTree ├── is-arrayish@0.2.1
98 silly currentTree ├── is-builtin-module@1.0.0
98 silly currentTree ├── is-ci@1.2.0
98 silly currentTree ├── is-fullwidth-code-point@2.0.0
98 silly currentTree ├── is-installed-globally@0.1.0
98 silly currentTree ├── is-npm@1.0.0
98 silly currentTree ├── is-obj@1.0.1
98 silly currentTree ├── is-path-inside@1.0.1
98 silly currentTree ├── is-plain-obj@1.1.0
98 silly currentTree ├── is-redirect@1.0.0
98 silly currentTree ├── is-retry-allowed@1.1.0
98 silly currentTree ├── is-stream@1.1.0
98 silly currentTree ├── isexe@2.0.0
98 silly currentTree ├── js2xmlparser@3.0.0
98 silly currentTree ├── json-parse-better-errors@1.0.2
98 silly currentTree ├── klaw@2.0.0
98 silly currentTree ├── latest-version@3.1.0
98 silly currentTree ├── load-json-file@4.0.0
98 silly currentTree ├── locate-path@2.0.0
98 silly currentTree ├── loud-rejection@1.6.0
98 silly currentTree ├── lowercase-keys@1.0.1
98 silly currentTree ├── lru-cache@4.1.3
98 silly currentTree ├── make-dir@1.3.0
98 silly currentTree ├── map-obj@2.0.0
98 silly currentTree ├── marked@0.3.19
98 silly currentTree ├── meow@5.0.0
98 silly currentTree ├── minimist-options@3.0.2
98 silly currentTree ├── minimist@1.2.0
98 silly currentTree ├─┬ mkdirp@0.5.1
98 silly currentTree │ └── minimist@0.0.8
98 silly currentTree ├── normalize-package-data@2.4.0
98 silly currentTree ├── npm-run-path@2.0.2
98 silly currentTree ├── p-finally@1.0.0
98 silly currentTree ├── p-limit@1.3.0
98 silly currentTree ├── p-locate@2.0.0
98 silly currentTree ├── p-try@1.0.0
98 silly currentTree ├── package-json@4.0.1
98 silly currentTree ├── parse-json@4.0.0
98 silly currentTree ├── path-exists@3.0.0
98 silly currentTree ├── path-is-inside@1.0.2
98 silly currentTree ├── path-key@2.0.1
98 silly currentTree ├── path-type@3.0.0
98 silly currentTree ├── pify@3.0.0
98 silly currentTree ├── pkg-conf@2.1.0
98 silly currentTree ├── prepend-http@1.0.4
98 silly currentTree ├── pseudomap@1.0.2
98 silly currentTree ├── quick-lru@1.1.0
98 silly currentTree ├── rc@1.2.8
98 silly currentTree ├── read-pkg-up@3.0.0
98 silly currentTree ├── read-pkg@3.0.0
98 silly currentTree ├── redent@2.0.0
98 silly currentTree ├── registry-auth-token@3.3.2
98 silly currentTree ├── registry-url@3.1.0
98 silly currentTree ├─┬ requizzle@0.2.1
98 silly currentTree │ └── underscore@1.6.0
98 silly currentTree ├── safe-buffer@5.1.2
98 silly currentTree ├── semver-diff@2.1.0
98 silly currentTree ├── semver@5.5.1
98 silly currentTree ├── shebang-command@1.2.0
98 silly currentTree ├── shebang-regex@1.0.0
98 silly currentTree ├── signal-exit@3.0.2
98 silly currentTree ├── signale@1.2.1
98 silly currentTree ├── spdx-correct@3.0.0
98 silly currentTree ├── spdx-exceptions@2.1.0
98 silly currentTree ├── spdx-expression-parse@3.0.0
98 silly currentTree ├── spdx-license-ids@3.0.0
98 silly currentTree ├── string-width@2.1.1
98 silly currentTree ├── strip-ansi@4.0.0
98 silly currentTree ├── strip-bom@3.0.0
98 silly currentTree ├── strip-eof@1.0.0
98 silly currentTree ├── strip-indent@2.0.0
98 silly currentTree ├── strip-json-comments@2.0.1
98 silly currentTree ├── supports-color@5.5.0
98 silly currentTree ├── taffydb@2.6.2
98 silly currentTree ├── taskbook@0.1.1
98 silly currentTree ├── term-size@1.2.0
98 silly currentTree ├── timed-out@4.0.1
98 silly currentTree ├── trim-newlines@2.0.0
98 silly currentTree ├─┬ underscore-contrib@0.3.0
98 silly currentTree │ └── underscore@1.6.0
98 silly currentTree ├── underscore@1.8.3
98 silly currentTree ├── unique-string@1.0.0
98 silly currentTree ├── unzip-response@2.0.1
98 silly currentTree ├── update-notifier@2.5.0
98 silly currentTree ├── url-parse-lax@1.0.0
98 silly currentTree ├── validate-npm-package-license@3.0.4
98 silly currentTree ├── which@1.3.1
98 silly currentTree ├── widest-line@2.0.0
98 silly currentTree ├── write-file-atomic@2.3.0
98 silly currentTree ├── xdg-basedir@3.0.0
98 silly currentTree ├── xmlcreate@1.0.2
98 silly currentTree ├── yallist@2.1.2
98 silly currentTree └── yargs-parser@10.1.0
99 silly idealTree meizu
99 silly idealTree ├── ansi-align@2.0.0
99 silly idealTree ├── ansi-regex@3.0.0
99 silly idealTree ├── ansi-styles@3.2.1
99 silly idealTree ├── array-find-index@1.0.2
99 silly idealTree ├── arrify@1.0.1
99 silly idealTree ├── babylon@7.0.0-beta.19
99 silly idealTree ├── bluebird@3.5.2
99 silly idealTree ├── boxen@1.3.0
99 silly idealTree ├── builtin-modules@1.1.1
99 silly idealTree ├── camelcase-keys@4.2.0
99 silly idealTree ├── camelcase@4.1.0
99 silly idealTree ├── capture-stack-trace@1.0.0
99 silly idealTree ├── catharsis@0.8.9
99 silly idealTree ├── chalk@2.4.1
99 silly idealTree ├── ci-info@1.4.0
99 silly idealTree ├── cli-boxes@1.0.0
99 silly idealTree ├── color-convert@1.9.2
99 silly idealTree ├── color-name@1.1.1
99 silly idealTree ├── configstore@3.1.2
99 silly idealTree ├── create-error-class@3.0.2
99 silly idealTree ├── cross-spawn@5.1.0
99 silly idealTree ├── crypto-random-string@1.0.0
99 silly idealTree ├── currently-unhandled@0.4.1
99 silly idealTree ├─┬ decamelize-keys@1.1.0
99 silly idealTree │ └── map-obj@1.0.1
99 silly idealTree ├── decamelize@1.2.0
99 silly idealTree ├── deep-extend@0.6.0
99 silly idealTree ├── dot-prop@4.2.0
99 silly idealTree ├── duplexer3@0.1.4
99 silly idealTree ├── error-ex@1.3.2
99 silly idealTree ├── escape-string-regexp@1.0.5
99 silly idealTree ├── execa@0.7.0
99 silly idealTree ├── figures@2.0.0
99 silly idealTree ├── find-up@2.1.0
99 silly idealTree ├── get-stream@3.0.0
99 silly idealTree ├── global-dirs@0.1.1
99 silly idealTree ├── got@6.7.1
99 silly idealTree ├── graceful-fs@4.1.11
99 silly idealTree ├── has-flag@3.0.0
99 silly idealTree ├── hosted-git-info@2.7.1
99 silly idealTree ├── import-lazy@2.1.0
99 silly idealTree ├── imurmurhash@0.1.4
99 silly idealTree ├── indent-string@3.2.0
99 silly idealTree ├── ini@1.3.5
99 silly idealTree ├── is-arrayish@0.2.1
99 silly idealTree ├── is-builtin-module@1.0.0
99 silly idealTree ├── is-ci@1.2.0
99 silly idealTree ├── is-fullwidth-code-point@2.0.0
99 silly idealTree ├── is-installed-globally@0.1.0
99 silly idealTree ├── is-npm@1.0.0
99 silly idealTree ├── is-obj@1.0.1
99 silly idealTree ├── is-path-inside@1.0.1
99 silly idealTree ├── is-plain-obj@1.1.0
99 silly idealTree ├── is-redirect@1.0.0
99 silly idealTree ├── is-retry-allowed@1.1.0
99 silly idealTree ├── is-stream@1.1.0
99 silly idealTree ├── isexe@2.0.0
99 silly idealTree ├── js2xmlparser@3.0.0
99 silly idealTree ├── jsdoc@3.5.5
99 silly idealTree ├── json-parse-better-errors@1.0.2
99 silly idealTree ├── klaw@2.0.0
99 silly idealTree ├── latest-version@3.1.0
99 silly idealTree ├── load-json-file@4.0.0
99 silly idealTree ├── locate-path@2.0.0
99 silly idealTree ├── loud-rejection@1.6.0
99 silly idealTree ├── lowercase-keys@1.0.1
99 silly idealTree ├── lru-cache@4.1.3
99 silly idealTree ├── make-dir@1.3.0
99 silly idealTree ├── map-obj@2.0.0
99 silly idealTree ├── marked@0.3.19
99 silly idealTree ├── meow@5.0.0
99 silly idealTree ├── minimist-options@3.0.2
99 silly idealTree ├── minimist@1.2.0
99 silly idealTree ├─┬ mkdirp@0.5.1
99 silly idealTree │ └── minimist@0.0.8
99 silly idealTree ├── normalize-package-data@2.4.0
99 silly idealTree ├── npm-run-path@2.0.2
99 silly idealTree ├── p-finally@1.0.0
99 silly idealTree ├── p-limit@1.3.0
99 silly idealTree ├── p-locate@2.0.0
99 silly idealTree ├── p-try@1.0.0
99 silly idealTree ├── package-json@4.0.1
99 silly idealTree ├── parse-json@4.0.0
99 silly idealTree ├── path-exists@3.0.0
99 silly idealTree ├── path-is-inside@1.0.2
99 silly idealTree ├── path-key@2.0.1
99 silly idealTree ├── path-type@3.0.0
99 silly idealTree ├── pify@3.0.0
99 silly idealTree ├── pkg-conf@2.1.0
99 silly idealTree ├── prepend-http@1.0.4
99 silly idealTree ├── pseudomap@1.0.2
99 silly idealTree ├── quick-lru@1.1.0
99 silly idealTree ├── rc@1.2.8
99 silly idealTree ├── read-pkg-up@3.0.0
99 silly idealTree ├── read-pkg@3.0.0
99 silly idealTree ├── redent@2.0.0
99 silly idealTree ├── registry-auth-token@3.3.2
99 silly idealTree ├── registry-url@3.1.0
99 silly idealTree ├─┬ requizzle@0.2.1
99 silly idealTree │ └── underscore@1.6.0
99 silly idealTree ├── safe-buffer@5.1.2
99 silly idealTree ├── semver-diff@2.1.0
99 silly idealTree ├── semver@5.5.1
99 silly idealTree ├── shebang-command@1.2.0
99 silly idealTree ├── shebang-regex@1.0.0
99 silly idealTree ├── signal-exit@3.0.2
99 silly idealTree ├── signale@1.2.1
99 silly idealTree ├── spdx-correct@3.0.0
99 silly idealTree ├── spdx-exceptions@2.1.0
99 silly idealTree ├── spdx-expression-parse@3.0.0
99 silly idealTree ├── spdx-license-ids@3.0.0
99 silly idealTree ├── string-width@2.1.1
99 silly idealTree ├── strip-ansi@4.0.0
99 silly idealTree ├── strip-bom@3.0.0
99 silly idealTree ├── strip-eof@1.0.0
99 silly idealTree ├── strip-indent@2.0.0
99 silly idealTree ├── strip-json-comments@2.0.1
99 silly idealTree ├── supports-color@5.5.0
99 silly idealTree ├── taffydb@2.6.2
99 silly idealTree ├── taskbook@0.1.1
99 silly idealTree ├── term-size@1.2.0
99 silly idealTree ├── timed-out@4.0.1
99 silly idealTree ├── trim-newlines@2.0.0
99 silly idealTree ├─┬ underscore-contrib@0.3.0
99 silly idealTree │ └── underscore@1.6.0
99 silly idealTree ├── underscore@1.8.3
99 silly idealTree ├── unique-string@1.0.0
99 silly idealTree ├── unzip-response@2.0.1
99 silly idealTree ├── update-notifier@2.5.0
99 silly idealTree ├── url-parse-lax@1.0.0
99 silly idealTree ├── validate-npm-package-license@3.0.4
99 silly idealTree ├── which@1.3.1
99 silly idealTree ├── widest-line@2.0.0
99 silly idealTree ├── write-file-atomic@2.3.0
99 silly idealTree ├── xdg-basedir@3.0.0
99 silly idealTree ├── xmlcreate@1.0.2
99 silly idealTree ├── yallist@2.1.2
99 silly idealTree └── yargs-parser@10.1.0
100 silly generateActionsToTake Starting
101 silly install generateActionsToTake
102 silly generateActionsToTake Finishing
103 silly diffTrees action count 2
104 silly diffTrees add babylon@7.0.0-beta.19
105 silly diffTrees add jsdoc@3.5.5
106 silly decomposeActions action count 16
107 silly decomposeActions fetch babylon@7.0.0-beta.19
108 silly decomposeActions extract babylon@7.0.0-beta.19
109 silly decomposeActions test babylon@7.0.0-beta.19
110 silly decomposeActions preinstall babylon@7.0.0-beta.19
111 silly decomposeActions build babylon@7.0.0-beta.19
112 silly decomposeActions install babylon@7.0.0-beta.19
113 silly decomposeActions postinstall babylon@7.0.0-beta.19
114 silly decomposeActions finalize babylon@7.0.0-beta.19
115 silly decomposeActions fetch jsdoc@3.5.5
116 silly decomposeActions extract jsdoc@3.5.5
117 silly decomposeActions test jsdoc@3.5.5
118 silly decomposeActions preinstall jsdoc@3.5.5
119 silly decomposeActions build jsdoc@3.5.5
120 silly decomposeActions install jsdoc@3.5.5
121 silly decomposeActions postinstall jsdoc@3.5.5
122 silly decomposeActions finalize jsdoc@3.5.5
123 silly runTopLevelLifecycles Starting
124 silly executeActions Starting
125 silly install executeActions
126 silly doSerial global-install 0
127 silly doParallel fetch 2
128 verbose correctMkdir /Users/meizu/.npm/_locks correctMkdir not in flight; initializing
129 verbose lock using /Users/meizu/.npm/_locks/staging-5c207253b883145f.lock for /Users/meizu/node_modules/.staging
130 silly doParallel extract 2
131 silly extract babylon@7.0.0-beta.19
132 silly extract jsdoc@3.5.5
133 verbose unbuild node_modules/.staging/jsdoc-14634c82
134 verbose unbuild node_modules/.staging/babylon-f88d5044
135 silly gentlyRm /Users/meizu/node_modules/.staging/jsdoc-14634c82 is being purged from base /Users/meizu
136 verbose gentlyRm don't care about contents; nuking /Users/meizu/node_modules/.staging/jsdoc-14634c82
137 silly gentlyRm /Users/meizu/node_modules/.staging/babylon-f88d5044 is being purged from base /Users/meizu
138 verbose gentlyRm don't care about contents; nuking /Users/meizu/node_modules/.staging/babylon-f88d5044
139 verbose tar unpack /Users/meizu/.npm/jsdoc/3.5.5/package.tgz
140 verbose tar unpacking to /Users/meizu/node_modules/.staging/jsdoc-14634c82
141 silly gentlyRm /Users/meizu/node_modules/.staging/jsdoc-14634c82 is being purged
142 verbose gentlyRm don't care about contents; nuking /Users/meizu/node_modules/.staging/jsdoc-14634c82
143 verbose tar unpack /Users/meizu/.npm/babylon/7.0.0-beta.19/package.tgz
144 verbose tar unpacking to /Users/meizu/node_modules/.staging/babylon-f88d5044
145 silly gentlyRm /Users/meizu/node_modules/.staging/babylon-f88d5044 is being purged
146 verbose gentlyRm don't care about contents; nuking /Users/meizu/node_modules/.staging/babylon-f88d5044
147 silly gunzTarPerm modes [ '755', '644' ]
148 silly gunzTarPerm modes [ '755', '644' ]
149 silly gunzTarPerm extractEntry package.json
150 silly gunzTarPerm extractEntry package.json
151 silly gunzTarPerm extractEntry .npmignore
152 silly gunzTarPerm extractEntry README.md
153 silly gunzTarPerm extractEntry README.md
154 silly gunzTarPerm extractEntry LICENSE
155 silly gunzTarPerm extractEntry CHANGELOG.md
156 silly gunzTarPerm extractEntry bin/babylon.js
157 silly gunzTarPerm extractEntry bin/generate-identifier-regex.js
158 silly gunzTarPerm extractEntry lib/index.js
159 silly gunzTarPerm extractEntry cli.js
160 silly gunzTarPerm extractEntry jsdoc.js
161 silly gunzTarPerm extractEntry Apache_License_2.0.txt
162 silly gunzTarPerm extractEntry CHANGES.md
163 silly gunzTarPerm extractEntry LICENSE.md
164 silly gunzTarPerm extractEntry conf.json.EXAMPLE
165 silly gunzTarPerm extractEntry lib/jsdoc/app.js
166 silly gunzTarPerm extractEntry lib/jsdoc/env.js
167 silly gunzTarPerm extractEntry lib/jsdoc/fs.js
168 silly gunzTarPerm extractEntry lib/jsdoc/name.js
169 silly gunzTarPerm extractEntry lib/jsdoc/doclet.js
170 silly gunzTarPerm extractEntry lib/jsdoc/package.js
171 silly gunzTarPerm extractEntry lib/jsdoc/augment.js
172 silly gunzTarPerm extractEntry lib/jsdoc/plugins.js
173 silly gunzTarPerm extractEntry lib/jsdoc/readme.js
174 silly gunzTarPerm extractEntry lib/jsdoc/schema.js
175 silly gunzTarPerm extractEntry lib/jsdoc/config.js
176 silly gunzTarPerm extractEntry lib/jsdoc/template.js
177 silly gunzTarPerm extractEntry lib/jsdoc/borrow.js
178 silly gentlyRm /Users/meizu/node_modules/.staging/babylon-f88d5044/node_modules is being purged
179 verbose gentlyRm don't care about contents; nuking /Users/meizu/node_modules/.staging/babylon-f88d5044/node_modules
180 silly gunzTarPerm extractEntry lib/jsdoc/tag.js
181 silly gunzTarPerm extractEntry lib/jsdoc/tutorial.js
182 silly gunzTarPerm extractEntry lib/jsdoc/path.js
183 silly gunzTarPerm extractEntry lib/jsdoc/tag/dictionary.js
184 silly gunzTarPerm extractEntry lib/jsdoc/tag/inline.js
185 silly gunzTarPerm extractEntry lib/jsdoc/tag/type.js
186 silly gunzTarPerm extractEntry lib/jsdoc/tag/validator.js
187 silly gunzTarPerm extractEntry lib/jsdoc/tag/dictionary/definitions.js
188 silly gunzTarPerm extractEntry lib/jsdoc/src/astbuilder.js
189 silly gunzTarPerm extractEntry lib/jsdoc/src/astnode.js
190 silly gunzTarPerm extractEntry lib/jsdoc/src/filter.js
191 silly gunzTarPerm extractEntry lib/jsdoc/src/handlers.js
192 silly gunzTarPerm extractEntry lib/jsdoc/src/parser.js
193 silly gunzTarPerm extractEntry lib/jsdoc/src/scanner.js
194 silly gunzTarPerm extractEntry lib/jsdoc/src/syntax.js
195 silly gunzTarPerm extractEntry lib/jsdoc/src/visitor.js
196 silly gunzTarPerm extractEntry lib/jsdoc/src/walker.js
197 silly gunzTarPerm extractEntry lib/jsdoc/tutorial/resolver.js
198 silly gunzTarPerm extractEntry lib/jsdoc/opts/argparser.js
199 silly gunzTarPerm extractEntry lib/jsdoc/opts/args.js
200 silly gunzTarPerm extractEntry lib/jsdoc/util/cast.js
201 silly gunzTarPerm extractEntry lib/jsdoc/util/doop.js
202 silly gunzTarPerm extractEntry lib/jsdoc/util/dumper.js
203 silly gunzTarPerm extractEntry lib/jsdoc/util/error.js
204 silly gunzTarPerm extractEntry lib/jsdoc/util/logger.js
205 silly gunzTarPerm extractEntry lib/jsdoc/util/markdown.js
206 silly gunzTarPerm extractEntry lib/jsdoc/util/stripbom.js
207 silly gunzTarPerm extractEntry lib/jsdoc/util/templateHelper.js
208 silly gunzTarPerm extractEntry templates/README.md
209 silly gunzTarPerm extractEntry templates/default/README.md
210 silly gunzTarPerm extractEntry templates/default/publish.js
211 silly gunzTarPerm extractEntry templates/default/static/fonts/OpenSans-Light-webfont.eot
212 silly gunzTarPerm extractEntry templates/default/static/fonts/OpenSans-Bold-webfont.eot
213 silly gunzTarPerm extractEntry templates/default/static/fonts/OpenSans-Bold-webfont.woff
214 silly gunzTarPerm extractEntry templates/default/static/fonts/OpenSans-BoldItalic-webfont.eot
215 silly gunzTarPerm extractEntry templates/default/static/fonts/OpenSans-BoldItalic-webfont.svg
216 silly gunzTarPerm extractEntry templates/default/static/fonts/OpenSans-BoldItalic-webfont.woff
217 silly gunzTarPerm extractEntry templates/default/static/fonts/OpenSans-Italic-webfont.eot
218 silly gunzTarPerm extractEntry templates/default/static/fonts/OpenSans-Italic-webfont.svg
219 silly gunzTarPerm extractEntry templates/default/static/fonts/OpenSans-Italic-webfont.woff
220 silly gunzTarPerm extractEntry templates/default/static/fonts/OpenSans-Bold-webfont.svg
221 silly gunzTarPerm extractEntry templates/default/static/fonts/OpenSans-Light-webfont.svg
222 silly gunzTarPerm extractEntry templates/default/static/fonts/OpenSans-Light-webfont.woff
223 silly gunzTarPerm extractEntry templates/default/static/fonts/OpenSans-LightItalic-webfont.eot
224 silly gunzTarPerm extractEntry templates/default/static/fonts/OpenSans-LightItalic-webfont.svg
225 silly gunzTarPerm extractEntry templates/default/static/fonts/OpenSans-LightItalic-webfont.woff
226 silly gunzTarPerm extractEntry templates/default/static/fonts/OpenSans-Regular-webfont.eot
227 silly gunzTarPerm extractEntry templates/default/static/fonts/OpenSans-Regular-webfont.svg
228 silly gunzTarPerm extractEntry templates/default/static/fonts/OpenSans-Regular-webfont.woff
229 silly gunzTarPerm extractEntry templates/default/static/scripts/linenumber.js
230 silly gunzTarPerm extractEntry templates/default/static/scripts/prettify/lang-css.js
231 silly gunzTarPerm extractEntry templates/default/static/scripts/prettify/prettify.js
232 silly gunzTarPerm extractEntry templates/default/static/scripts/prettify/Apache-License-2.0.txt
233 silly gunzTarPerm extractEntry templates/default/static/styles/jsdoc-default.css
234 silly gunzTarPerm extractEntry templates/default/static/styles/prettify-jsdoc.css
235 silly gunzTarPerm extractEntry templates/default/static/styles/prettify-tomorrow.css
236 silly gunzTarPerm extractEntry templates/default/tmpl/members.tmpl
237 silly gunzTarPerm extractEntry templates/default/tmpl/augments.tmpl
238 silly gunzTarPerm extractEntry templates/default/tmpl/details.tmpl
239 silly gunzTarPerm extractEntry templates/default/tmpl/example.tmpl
240 silly gunzTarPerm extractEntry templates/default/tmpl/examples.tmpl
241 silly gunzTarPerm extractEntry templates/default/tmpl/exceptions.tmpl
242 silly gunzTarPerm extractEntry templates/default/tmpl/layout.tmpl
243 silly gunzTarPerm extractEntry templates/default/tmpl/mainpage.tmpl
244 silly gunzTarPerm extractEntry templates/default/tmpl/container.tmpl
245 silly gunzTarPerm extractEntry templates/default/tmpl/method.tmpl
246 silly gunzTarPerm extractEntry templates/default/tmpl/params.tmpl
247 silly gunzTarPerm extractEntry templates/default/tmpl/properties.tmpl
248 silly gunzTarPerm extractEntry templates/default/tmpl/returns.tmpl
249 silly gunzTarPerm extractEntry templates/default/tmpl/source.tmpl
250 silly gunzTarPerm extractEntry templates/default/tmpl/tutorial.tmpl
251 silly gunzTarPerm extractEntry templates/default/tmpl/type.tmpl
252 silly gunzTarPerm extractEntry templates/haruki/README.md
253 silly gunzTarPerm extractEntry templates/haruki/publish.js
254 silly gunzTarPerm extractEntry templates/silent/README.md
255 silly gunzTarPerm extractEntry templates/silent/publish.js
256 silly gunzTarPerm extractEntry plugins/commentConvert.js
257 silly gunzTarPerm extractEntry plugins/escapeHtml.js
258 silly gunzTarPerm extractEntry plugins/eventDumper.js
259 silly gunzTarPerm extractEntry plugins/markdown.js
260 silly gunzTarPerm extractEntry plugins/overloadHelper.js
261 silly gunzTarPerm extractEntry plugins/commentsOnly.js
262 silly gunzTarPerm extractEntry plugins/railsTemplate.js
263 silly gunzTarPerm extractEntry plugins/shout.js
264 silly gunzTarPerm extractEntry plugins/sourcetag.js
265 silly gunzTarPerm extractEntry plugins/summarize.js
266 silly gunzTarPerm extractEntry plugins/underscore.js
267 silly gunzTarPerm extractEntry plugins/partial.js
268 silly gunzTarPerm extractEntry plugins/test/fixtures/markdown.js
269 silly gunzTarPerm extractEntry plugins/test/fixtures/overloadHelper.js
270 silly gunzTarPerm extractEntry plugins/test/fixtures/underscore.js
271 silly gunzTarPerm extractEntry plugins/test/fixtures/railsTemplate.js.erb
272 silly gunzTarPerm extractEntry plugins/test/specs/commentConvert.js
273 silly gunzTarPerm extractEntry plugins/test/specs/escapeHtml.js
274 silly gunzTarPerm extractEntry plugins/test/specs/markdown.js
275 silly gunzTarPerm extractEntry plugins/test/specs/overloadHelper.js
276 silly gunzTarPerm extractEntry plugins/test/specs/railsTemplate.js
277 silly gunzTarPerm extractEntry plugins/test/specs/shout.js
278 silly gunzTarPerm extractEntry plugins/test/specs/sourcetag.js
279 silly gunzTarPerm extractEntry plugins/test/specs/summarize.js
280 silly gunzTarPerm extractEntry plugins/test/specs/underscore.js
281 silly gentlyRm /Users/meizu/node_modules/.staging/jsdoc-14634c82/node_modules is being purged
282 verbose gentlyRm don't care about contents; nuking /Users/meizu/node_modules/.staging/jsdoc-14634c82/node_modules
283 silly doParallel preinstall 2
284 silly preinstall babylon@7.0.0-beta.19 /Users/meizu/node_modules/.staging/babylon-f88d5044
285 info lifecycle babylon@7.0.0-beta.19~preinstall: babylon@7.0.0-beta.19
286 silly preinstall jsdoc@3.5.5 /Users/meizu/node_modules/.staging/jsdoc-14634c82
287 info lifecycle jsdoc@3.5.5~preinstall: jsdoc@3.5.5
288 silly lifecycle babylon@7.0.0-beta.19~preinstall: no script for preinstall, continuing
289 silly lifecycle jsdoc@3.5.5~preinstall: no script for preinstall, continuing
290 silly doReverseSerial remove 0
291 silly doSerial move 0
292 silly doSerial finalize 2
293 silly finalize /Users/meizu/node_modules/babylon
294 silly finalize /Users/meizu/node_modules/jsdoc
295 silly doSerial build 2
296 silly build babylon@7.0.0-beta.19
297 info linkStuff babylon@7.0.0-beta.19
298 silly linkStuff babylon@7.0.0-beta.19 has /Users/meizu/node_modules as its parent node_modules
299 verbose linkBins babylon@7.0.0-beta.19
300 verbose link bins [ { babylon: './bin/babylon.js' },
300 verbose link bins   '/Users/meizu/node_modules/.bin',
300 verbose link bins   false ]
301 verbose linkMans babylon@7.0.0-beta.19
302 silly gentlyRm /Users/meizu/node_modules/.bin/babylon is being purged
303 verbose gentlyRm don't care about contents; nuking /Users/meizu/node_modules/.bin/babylon
304 verbose unlock done using /Users/meizu/.npm/_locks/staging-5c207253b883145f.lock for /Users/meizu/node_modules/.staging
305 silly rollbackFailedOptional Starting
306 silly rollbackFailedOptional Finishing
307 silly runTopLevelLifecycles Finishing
308 silly install printInstalled
309 warn enoent ENOENT: no such file or directory, open '/Users/meizu/package.json'
310 verbose enoent ENOENT: no such file or directory, open '/Users/meizu/package.json'
310 verbose enoent This is most likely not a problem with npm itself
310 verbose enoent and is related to npm not being able to find a file.
311 warn meizu No description
312 verbose If you need help, you may report this error at:
312 verbose     <https://github.com/npm/npm/issues>
313 warn meizu No repository field.
314 verbose If you need help, you may report this error at:
314 verbose     <https://github.com/npm/npm/issues>
315 warn meizu No README data
316 verbose If you need help, you may report this error at:
316 verbose     <https://github.com/npm/npm/issues>
317 warn meizu No license field.
318 verbose If you need help, you may report this error at:
318 verbose     <https://github.com/npm/npm/issues>
319 verbose stack Error: EACCES: permission denied, symlink '../babylon/bin/babylon.js' -> '/Users/meizu/node_modules/.bin/babylon'
319 verbose stack     at Error (native)
320 verbose cwd /Users/meizu/Desktop/cqing_demo/KillTime/jsdoc
321 error Darwin 16.0.0
322 error argv "/Users/meizu/.nvm/versions/node/v6.14.1/bin/node" "/Users/meizu/.nvm/versions/node/v6.14.1/bin/npm" "install" "--save-dev" "jsdoc"
323 error node v6.14.1
324 error npm  v3.10.10
325 error path ../babylon/bin/babylon.js
326 error code EACCES
327 error errno -13
328 error syscall symlink
329 error Error: EACCES: permission denied, symlink '../babylon/bin/babylon.js' -> '/Users/meizu/node_modules/.bin/babylon'
329 error     at Error (native)
329 error  { Error: EACCES: permission denied, symlink '../babylon/bin/babylon.js' -> '/Users/meizu/node_modules/.bin/babylon'
329 error     at Error (native)
329 error   errno: -13,
329 error   code: 'EACCES',
329 error   syscall: 'symlink',
329 error   path: '../babylon/bin/babylon.js',
329 error   dest: '/Users/meizu/node_modules/.bin/babylon' }
330 error Please try running this command again as root/Administrator.
331 verbose exit [ -13, true ]
