0 info it worked if it ends with ok
1 verbose cli [ '/Users/meizu/.nvm/versions/node/v6.14.1/bin/node',
1 verbose cli   '/Users/meizu/.nvm/versions/node/v6.14.1/bin/npm',
1 verbose cli   'run',
1 verbose cli   'lint-css' ]
2 info using npm@3.10.10
3 info using node@v6.14.1
4 verbose run-script [ 'prelint-css', 'lint-css', 'postlint-css' ]
5 info lifecycle font-end-cqing@1.0.0~prelint-css: font-end-cqing@1.0.0
6 silly lifecycle font-end-cqing@1.0.0~prelint-css: no script for prelint-css, continuing
7 info lifecycle font-end-cqing@1.0.0~lint-css: font-end-cqing@1.0.0
8 verbose lifecycle font-end-cqing@1.0.0~lint-css: unsafe-perm in lifecycle true
9 verbose lifecycle font-end-cqing@1.0.0~lint-css: PATH: /Users/meizu/.nvm/versions/node/v6.14.1/lib/node_modules/npm/bin/node-gyp-bin:/Users/meizu/Desktop/cqing_demo/KillTime/npmScript/node_modules/.bin:/Users/meizu/.nvm/versions/node/v6.14.1/bin:/usr/local/bin:/usr/bin:/bin:/usr/sbin:/sbin:/Applications/Wireshark.app/Contents/MacOS
10 verbose lifecycle font-end-cqing@1.0.0~lint-css: CWD: /Users/meizu/Desktop/cqing_demo/KillTime/npmScript
11 silly lifecycle font-end-cqing@1.0.0~lint-css: Args: [ '-c', 'stylelint \'test/*.sass\' ' ]
12 silly lifecycle font-end-cqing@1.0.0~lint-css: Returned: code: 78  signal: null
13 info lifecycle font-end-cqing@1.0.0~lint-css: Failed to exec lint-css script
14 verbose stack Error: font-end-cqing@1.0.0 lint-css: `stylelint 'test/*.sass' `
14 verbose stack Exit status 78
14 verbose stack     at EventEmitter.<anonymous> (/Users/meizu/.nvm/versions/node/v6.14.1/lib/node_modules/npm/lib/utils/lifecycle.js:255:16)
14 verbose stack     at emitTwo (events.js:106:13)
14 verbose stack     at EventEmitter.emit (events.js:191:7)
14 verbose stack     at ChildProcess.<anonymous> (/Users/meizu/.nvm/versions/node/v6.14.1/lib/node_modules/npm/lib/utils/spawn.js:40:14)
14 verbose stack     at emitTwo (events.js:106:13)
14 verbose stack     at ChildProcess.emit (events.js:191:7)
14 verbose stack     at maybeClose (internal/child_process.js:920:16)
14 verbose stack     at Process.ChildProcess._handle.onexit (internal/child_process.js:230:5)
15 verbose pkgid font-end-cqing@1.0.0
16 verbose cwd /Users/meizu/Desktop/cqing_demo/KillTime/npmScript
17 error Darwin 16.0.0
18 error argv "/Users/meizu/.nvm/versions/node/v6.14.1/bin/node" "/Users/meizu/.nvm/versions/node/v6.14.1/bin/npm" "run" "lint-css"
19 error node v6.14.1
20 error npm  v3.10.10
21 error code ELIFECYCLE
22 error font-end-cqing@1.0.0 lint-css: `stylelint 'test/*.sass' `
22 error Exit status 78
23 error Failed at the font-end-cqing@1.0.0 lint-css script 'stylelint 'test/*.sass' '.
23 error Make sure you have the latest version of node.js and npm installed.
23 error If you do, this is most likely a problem with the font-end-cqing package,
23 error not with npm itself.
23 error Tell the author that this fails on your system:
23 error     stylelint 'test/*.sass'
23 error You can get information on how to open an issue for this project with:
23 error     npm bugs font-end-cqing
23 error Or if that isn't available, you can get their info via:
23 error     npm owner ls font-end-cqing
23 error There is likely additional logging output above.
24 verbose exit [ 1, true ]
